<?xml version="1.0" encoding="UTF-8"?>
<!-- Generated by org.testng.reporters.JUnitReportReporter -->
<testsuite hostname="MSI" failures="0" tests="1" name="DoctorModule.UpadatePatientDetailsTest" time="13.788" errors="0" timestamp="2025-03-26T10:00:03 IST" skipped="0">
  <testcase classname="DoctorModule.UpadatePatientDetailsTest" name="UpadatePatientDetails" time="13.788"/>
</testsuite> <!-- DoctorModule.UpadatePatientDetailsTest -->
